Performing C SOURCE FILE Test CMAKE_HAVE_LIBC_PTHREAD failed with the following output:
Change Dir: /home/ruan/catkin_ws_pic/build/CMakeFiles/CMakeTmp

Run Build Command(s):/usr/bin/make -f Makefile cmTC_7a143/fast && /usr/bin/make  -f CMakeFiles/cmTC_7a143.dir/build.make CMakeFiles/cmTC_7a143.dir/build
make[1]: Entering directory '/home/ruan/catkin_ws_pic/build/CMakeFiles/CMakeTmp'
Building C object CMakeFiles/cmTC_7a143.dir/src.c.o
/usr/bin/cc -DCMAKE_HAVE_LIBC_PTHREAD   -o CMakeFiles/cmTC_7a143.dir/src.c.o -c /home/ruan/catkin_ws_pic/build/CMakeFiles/CMakeTmp/src.c
Linking C executable cmTC_7a143
/usr/local/lib/python2.7/dist-packages/cmake/data/bin/cmake -E cmake_link_script CMakeFiles/cmTC_7a143.dir/link.txt --verbose=1
/usr/bin/cc -rdynamic CMakeFiles/cmTC_7a143.dir/src.c.o -o cmTC_7a143 
/usr/bin/ld: CMakeFiles/cmTC_7a143.dir/src.c.o: in function `main':
src.c:(.text+0x46): undefined reference to `pthread_create'
/usr/bin/ld: src.c:(.text+0x52): undefined reference to `pthread_detach'
/usr/bin/ld: src.c:(.text+0x5e): undefined reference to `pthread_cancel'
/usr/bin/ld: src.c:(.text+0x6f): undefined reference to `pthread_join'
collect2: error: ld returned 1 exit status
make[1]: *** [CMakeFiles/cmTC_7a143.dir/build.make:99: cmTC_7a143] Error 1
make[1]: Leaving directory '/home/ruan/catkin_ws_pic/build/CMakeFiles/CMakeTmp'
make: *** [Makefile:127: cmTC_7a143/fast] Error 2


Source file was:
#include <pthread.h>

static void* test_func(void* data)
{
  return data;
}

int main(void)
{
  pthread_t thread;
  pthread_create(&thread, NULL, test_func, NULL);
  pthread_detach(thread);
  pthread_cancel(thread);
  pthread_join(thread, NULL);
  pthread_atfork(NULL, NULL, NULL);
  pthread_exit(NULL);

  return 0;
}

Determining if the function pthread_create exists in the pthreads failed with the following output:
Change Dir: /home/ruan/catkin_ws_pic/build/CMakeFiles/CMakeTmp

Run Build Command(s):/usr/bin/make -f Makefile cmTC_1ffe1/fast && /usr/bin/make  -f CMakeFiles/cmTC_1ffe1.dir/build.make CMakeFiles/cmTC_1ffe1.dir/build
make[1]: Entering directory '/home/ruan/catkin_ws_pic/build/CMakeFiles/CMakeTmp'
Building C object CMakeFiles/cmTC_1ffe1.dir/CheckFunctionExists.c.o
/usr/bin/cc   -DCHECK_FUNCTION_EXISTS=pthread_create -o CMakeFiles/cmTC_1ffe1.dir/CheckFunctionExists.c.o -c /usr/local/lib/python2.7/dist-packages/cmake/data/share/cmake-3.24/Modules/CheckFunctionExists.c
Linking C executable cmTC_1ffe1
/usr/local/lib/python2.7/dist-packages/cmake/data/bin/cmake -E cmake_link_script CMakeFiles/cmTC_1ffe1.dir/link.txt --verbose=1
/usr/bin/cc  -DCHECK_FUNCTION_EXISTS=pthread_create -rdynamic CMakeFiles/cmTC_1ffe1.dir/CheckFunctionExists.c.o -o cmTC_1ffe1  -lpthreads 
/usr/bin/ld: cannot find -lpthreads
collect2: error: ld returned 1 exit status
make[1]: *** [CMakeFiles/cmTC_1ffe1.dir/build.make:99: cmTC_1ffe1] Error 1
make[1]: Leaving directory '/home/ruan/catkin_ws_pic/build/CMakeFiles/CMakeTmp'
make: *** [Makefile:127: cmTC_1ffe1/fast] Error 2



Determining if the function sgemm_ exists failed with the following output:
Change Dir: /home/ruan/catkin_ws_pic/build/CMakeFiles/CMakeTmp

Run Build Command(s):/usr/bin/make -f Makefile cmTC_08fed/fast && /usr/bin/make  -f CMakeFiles/cmTC_08fed.dir/build.make CMakeFiles/cmTC_08fed.dir/build
make[1]: Entering directory '/home/ruan/catkin_ws_pic/build/CMakeFiles/CMakeTmp'
Building C object CMakeFiles/cmTC_08fed.dir/CheckFunctionExists.c.o
/usr/bin/cc   -DCHECK_FUNCTION_EXISTS=sgemm_ -o CMakeFiles/cmTC_08fed.dir/CheckFunctionExists.c.o -c /usr/local/lib/python2.7/dist-packages/cmake/data/share/cmake-3.24/Modules/CheckFunctionExists.c
Linking C executable cmTC_08fed
/usr/local/lib/python2.7/dist-packages/cmake/data/bin/cmake -E cmake_link_script CMakeFiles/cmTC_08fed.dir/link.txt --verbose=1
/usr/bin/cc  -DCHECK_FUNCTION_EXISTS=sgemm_ CMakeFiles/cmTC_08fed.dir/CheckFunctionExists.c.o -o cmTC_08fed 
/usr/bin/ld: CMakeFiles/cmTC_08fed.dir/CheckFunctionExists.c.o: in function `main':
CheckFunctionExists.c:(.text+0x14): undefined reference to `sgemm_'
collect2: error: ld returned 1 exit status
make[1]: *** [CMakeFiles/cmTC_08fed.dir/build.make:99: cmTC_08fed] Error 1
make[1]: Leaving directory '/home/ruan/catkin_ws_pic/build/CMakeFiles/CMakeTmp'
make: *** [Makefile:127: cmTC_08fed/fast] Error 2



